<?xml version="1.0" encoding="UTF-8"?>
<!-- Generated by org.testng.reporters.JUnitReportReporter -->
<testsuite hostname="RNT-PUN-1196" name="entrata.TestCases.SignIn" tests="2" failures="0" timestamp="12 Mar 2024 13:34:12 GMT" time="7.599" errors="0">
  <testcase name="declineCookies" time="1.132" classname="entrata.TestCases.SignIn"/>
  <testcase name="signIn" time="6.467" classname="entrata.TestCases.SignIn"/>
</testsuite> <!-- entrata.TestCases.SignIn -->
