<?xml version="1.0" encoding="UTF-8"?>
<!-- Generated by org.testng.reporters.JUnitReportReporter -->
<testsuite hostname="RNT-PUN-1196" name="testCases.WatchDemo" tests="2" failures="0" timestamp="12 Mar 2024 10:57:06 GMT" time="25.588" errors="0">
  <testcase name="testPageTitle" time="7.950" classname="testCases.WatchDemo"/>
  <testcase name="testNavigateToDemoVideoAndBack" time="17.638" classname="testCases.WatchDemo"/>
</testsuite> <!-- testCases.WatchDemo -->
