<?xml version="1.0" encoding="UTF-8"?>
<!-- Generated by org.testng.reporters.JUnitReportReporter -->
<testsuite hostname="RNT-PUN-1196" name="entrata.TestCases.WatchDemo" tests="4" failures="0" timestamp="12 Mar 2024 13:34:12 GMT" time="38.359" errors="0">
  <testcase name="testNavigateToDemoVideoAndBack" time="5.921" classname="entrata.TestCases.WatchDemo"/>
  <testcase name="testPageTitle" time="2.793" classname="entrata.TestCases.WatchDemo"/>
  <testcase name="testPageElements" time="28.422" classname="entrata.TestCases.WatchDemo"/>
  <testcase name="declineCookies" time="1.223" classname="entrata.TestCases.WatchDemo"/>
</testsuite> <!-- entrata.TestCases.WatchDemo -->
