<?xml version="1.0" encoding="UTF-8"?>
<!-- Generated by org.testng.reporters.JUnitReportReporter -->
<testsuite hostname="RNT-PUN-1196" name="testCases.TestCases" tests="4" failures="0" timestamp="12 Mar 2024 10:57:06 GMT" time="48.911" errors="0">
  <testcase name="testPageTitle" time="3.644" classname="testCases.TestCases"/>
  <testcase name="testPageElements" time="7.927" classname="testCases.TestCases"/>
  <testcase name="signIn" time="13.998" classname="testCases.TestCases"/>
  <testcase name="testNavigateToDemoVideoAndBack" time="23.342" classname="testCases.TestCases"/>
</testsuite> <!-- testCases.TestCases -->
